[debug] [2023-07-08T20:20:24.327Z] ----------------------------------------------------------------------
[debug] [2023-07-08T20:20:24.330Z] Command:       C:\Program Files\nodejs\node.exe C:\Users\hriti\AppData\Roaming\npm\node_modules\firebase-tools\lib\bin\firebase.js login
[debug] [2023-07-08T20:20:24.331Z] CLI Version:   12.4.3
[debug] [2023-07-08T20:20:24.331Z] Platform:      win32
[debug] [2023-07-08T20:20:24.332Z] Node Version:  v16.17.0
[debug] [2023-07-08T20:20:24.333Z] Time:          Sun Jul 09 2023 01:50:24 GMT+0530 (India Standard Time)
[debug] [2023-07-08T20:20:24.334Z] ----------------------------------------------------------------------
[debug] 
[debug] [2023-07-08T20:20:24.338Z] >>> [apiv2][query] GET https://firebase-public.firebaseio.com/cli.json [none]
[info] Already logged in as hritik7042@gmail.com
[debug] [2023-07-08T20:20:34.403Z] Error: Timed out.
    at Timeout._onTimeout (C:\Users\hriti\AppData\Roaming\npm\node_modules\firebase-tools\lib\utils.js:254:49)
    at listOnTimeout (node:internal/timers:559:17)
    at processTimers (node:internal/timers:502:7)
[error] 
[error] Error: An unexpected error has occurred.
[debug] [2023-07-08T20:20:46.977Z] ----------------------------------------------------------------------
[debug] [2023-07-08T20:20:46.980Z] Command:       C:\Program Files\nodejs\node.exe C:\Users\hriti\AppData\Roaming\npm\node_modules\firebase-tools\lib\bin\firebase.js login
[debug] [2023-07-08T20:20:46.981Z] CLI Version:   12.4.3
[debug] [2023-07-08T20:20:46.981Z] Platform:      win32
[debug] [2023-07-08T20:20:46.982Z] Node Version:  v16.17.0
[debug] [2023-07-08T20:20:46.983Z] Time:          Sun Jul 09 2023 01:50:46 GMT+0530 (India Standard Time)
[debug] [2023-07-08T20:20:46.983Z] ----------------------------------------------------------------------
[debug] 
[debug] [2023-07-08T20:20:46.988Z] >>> [apiv2][query] GET https://firebase-public.firebaseio.com/cli.json [none]
[info] Already logged in as hritik7042@gmail.com
[debug] [2023-07-08T20:20:57.063Z] Error: Timed out.
    at Timeout._onTimeout (C:\Users\hriti\AppData\Roaming\npm\node_modules\firebase-tools\lib\utils.js:254:49)
    at listOnTimeout (node:internal/timers:559:17)
    at processTimers (node:internal/timers:502:7)
[error] 
[error] Error: An unexpected error has occurred.
[debug] [2023-07-08T20:25:03.802Z] ----------------------------------------------------------------------
[debug] [2023-07-08T20:25:03.805Z] Command:       C:\Program Files\nodejs\node.exe C:\Users\hriti\AppData\Roaming\npm\node_modules\firebase-tools\lib\bin\firebase.js login
[debug] [2023-07-08T20:25:03.806Z] CLI Version:   12.4.3
[debug] [2023-07-08T20:25:03.806Z] Platform:      win32
[debug] [2023-07-08T20:25:03.807Z] Node Version:  v16.17.0
[debug] [2023-07-08T20:25:03.808Z] Time:          Sun Jul 09 2023 01:55:03 GMT+0530 (India Standard Time)
[debug] [2023-07-08T20:25:03.808Z] ----------------------------------------------------------------------
[debug] 
[debug] [2023-07-08T20:25:03.814Z] >>> [apiv2][query] GET https://firebase-public.firebaseio.com/cli.json [none]
[info] Already logged in as hritik7042@gmail.com
[debug] [2023-07-08T20:25:13.879Z] Error: Timed out.
    at Timeout._onTimeout (C:\Users\hriti\AppData\Roaming\npm\node_modules\firebase-tools\lib\utils.js:254:49)
    at listOnTimeout (node:internal/timers:559:17)
    at processTimers (node:internal/timers:502:7)
[error] 
[error] Error: An unexpected error has occurred.
